<?xml version="1.0" encoding="UTF-8"?>
<testsuite name="WordTest" tests="1" skipped="0" failures="0" errors="0" timestamp="2016-05-05T22:12:56" hostname="Tom-Joness-MacBook-Pro.local" time="0.003">
  <properties/>
  <testcase name="word_instantiatesCorrectly_true" classname="WordTest" time="0.003"/>
  <system-out><![CDATA[]]></system-out>
  <system-err><![CDATA[]]></system-err>
</testsuite>
