<?xml version="1.0" encoding="UTF-8"?>
<testsuite name="WordTest" tests="4" skipped="0" failures="0" errors="0" timestamp="2016-05-05T22:36:59" hostname="Tom-Joness-MacBook-Pro.local" time="0.013">
  <properties/>
  <testcase name="clear_emptiesAllWordsFromList_0" classname="WordTest" time="0.004"/>
  <testcase name="getTheWord_InstantiatesWithWord_Apple" classname="WordTest" time="0.001"/>
  <testcase name="all_returnsAllInstancesOfWord_true" classname="WordTest" time="0.0"/>
  <testcase name="word_instantiatesCorrectly_true" classname="WordTest" time="0.001"/>
  <system-out><![CDATA[]]></system-out>
  <system-err><![CDATA[]]></system-err>
</testsuite>
