<?xml version="1.0" encoding="UTF-8"?>
<testsuite name="WordTest" tests="9" skipped="0" failures="0" errors="0" timestamp="2016-05-10T20:16:19" hostname="Tom-Joness-MacBook-Pro.local" time="0.009">
  <properties/>
  <testcase name="clear_emptiesAllWordsFromList_0" classname="WordTest" time="0.0"/>
  <testcase name="find_returnsWordWithSameId_secondWord" classname="WordTest" time="0.0"/>
  <testcase name="getDefinitions_initiallyReturnsEmptyList_ArrayList" classname="WordTest" time="0.002"/>
  <testcase name="getId_WordInstantiateWithAnId_1" classname="WordTest" time="0.0"/>
  <testcase name="addDefinition_addsDefinitionToList_true" classname="WordTest" time="0.001"/>
  <testcase name="getTheWord_InstantiatesWithWord_Apple" classname="WordTest" time="0.0"/>
  <testcase name="find_returnsNullWhenNoWordFound_null" classname="WordTest" time="0.003"/>
  <testcase name="all_returnsAllInstancesOfWord_true" classname="WordTest" time="0.0"/>
  <testcase name="word_instantiatesCorrectly_true" classname="WordTest" time="0.001"/>
  <system-out><![CDATA[]]></system-out>
  <system-err><![CDATA[]]></system-err>
</testsuite>
