<?xml version="1.0" encoding="UTF-8"?>
<testsuite name="WordTest" tests="2" skipped="0" failures="0" errors="0" timestamp="2016-05-05T22:18:34" hostname="Tom-Joness-MacBook-Pro.local" time="0.006">
  <properties/>
  <testcase name="getTheWord_WordInstantiatesWithName_Apple" classname="WordTest" time="0.005"/>
  <testcase name="word_instantiatesCorrectly_true" classname="WordTest" time="0.0"/>
  <system-out><![CDATA[]]></system-out>
  <system-err><![CDATA[]]></system-err>
</testsuite>
