<?xml version="1.0" encoding="UTF-8"?>
<testsuite name="WordTest" tests="2" skipped="0" failures="0" errors="0" timestamp="2016-04-29T17:38:41" hostname="Tom-Joness-MacBook-Pro.local" time="0.004">
  <properties/>
  <testcase name="newWord_instantiatesCorrectly" classname="WordTest" time="0.003"/>
  <testcase name="Word_instantiatesWithWord" classname="WordTest" time="0.0"/>
  <system-out><![CDATA[]]></system-out>
  <system-err><![CDATA[]]></system-err>
</testsuite>
